<?xml version="1.0" encoding="UTF-8"?>
<!-- Generated by org.testng.reporters.JUnitXMLReporter -->
<testsuite ignored="0" hostname="N16946" failures="0" tests="5" name="Authentication_and_Product_Flow_Tests" time="55.482" errors="0" timestamp="2025-12-16T15:20:43 IST">
  <testcase classname="tests.LoginTests" name="testInvalidLogin" time="0.382"/>
  <testcase classname="tests.LoginTests" name="testSuccessfulLogin" time="0.35"/>
  <testcase classname="tests.ProductsAndCartTests" name="testAddAndRemoveSingleProduct" time="16.67"/>
  <testcase classname="tests.ProductsAndCartTests" name="testAddProductAndLogout" time="5.705"/>
  <testcase classname="tests.ProductsAndCartTests" name="testAddTwoProductsAndVerifyCart" time="1.623"/>
</testsuite> <!-- Authentication_and_Product_Flow_Tests -->
