<?xml version="1.0" encoding="UTF-8"?>
<testng-results ignored="0" total="5" passed="5" failed="0" skipped="0">
  <reporter-output>
  </reporter-output>
  <suite started-at="2025-12-16T15:19:47 IST" name="SauceDemo_Functional_Suite" finished-at="2025-12-16T15:20:43 IST" duration-ms="55482">
    <groups>
    </groups>
    <test started-at="2025-12-16T15:19:47 IST" name="Authentication_and_Product_Flow_Tests" finished-at="2025-12-16T15:20:43 IST" duration-ms="55482">
      <class name="tests.LoginTests">
        <test-method is-config="true" signature="setUp()[pri:0, instance:tests.LoginTests@4efac082]" started-at="2025-12-16T15:19:48 IST" name="setUp" finished-at="2025-12-16T15:19:53 IST" duration-ms="5623" status="PASS">
          <reporter-output>
          </reporter-output>
        </test-method> <!-- setUp -->
        <test-method signature="testInvalidLogin()[pri:0, instance:tests.LoginTests@4efac082]" started-at="2025-12-16T15:19:53 IST" name="testInvalidLogin" finished-at="2025-12-16T15:19:54 IST" duration-ms="382" status="PASS">
          <reporter-output>
          </reporter-output>
        </test-method> <!-- testInvalidLogin -->
        <test-method is-config="true" signature="tearDown()[pri:0, instance:tests.LoginTests@4efac082]" started-at="2025-12-16T15:19:54 IST" name="tearDown" finished-at="2025-12-16T15:19:55 IST" duration-ms="1132" status="PASS">
          <reporter-output>
          </reporter-output>
        </test-method> <!-- tearDown -->
        <test-method is-config="true" signature="setUp()[pri:0, instance:tests.LoginTests@4efac082]" started-at="2025-12-16T15:19:55 IST" name="setUp" finished-at="2025-12-16T15:20:00 IST" duration-ms="5149" status="PASS">
          <reporter-output>
          </reporter-output>
        </test-method> <!-- setUp -->
        <test-method signature="testSuccessfulLogin()[pri:0, instance:tests.LoginTests@4efac082]" started-at="2025-12-16T15:20:00 IST" name="testSuccessfulLogin" finished-at="2025-12-16T15:20:00 IST" duration-ms="350" status="PASS">
          <reporter-output>
          </reporter-output>
        </test-method> <!-- testSuccessfulLogin -->
        <test-method is-config="true" signature="tearDown()[pri:0, instance:tests.LoginTests@4efac082]" started-at="2025-12-16T15:20:00 IST" name="tearDown" finished-at="2025-12-16T15:20:01 IST" duration-ms="1111" status="PASS">
          <reporter-output>
          </reporter-output>
        </test-method> <!-- tearDown -->
      </class> <!-- tests.LoginTests -->
      <class name="tests.ProductsAndCartTests">
        <test-method is-config="true" signature="setUp()[pri:0, instance:tests.ProductsAndCartTests@1e6a3214]" started-at="2025-12-16T15:20:01 IST" name="setUp" finished-at="2025-12-16T15:20:06 IST" duration-ms="4598" status="PASS">
          <reporter-output>
          </reporter-output>
        </test-method> <!-- setUp -->
        <test-method signature="testAddAndRemoveSingleProduct()[pri:0, instance:tests.ProductsAndCartTests@1e6a3214]" started-at="2025-12-16T15:20:06 IST" name="testAddAndRemoveSingleProduct" finished-at="2025-12-16T15:20:23 IST" duration-ms="16670" status="PASS">
          <reporter-output>
          </reporter-output>
        </test-method> <!-- testAddAndRemoveSingleProduct -->
        <test-method is-config="true" signature="tearDown()[pri:0, instance:tests.ProductsAndCartTests@1e6a3214]" started-at="2025-12-16T15:20:23 IST" name="tearDown" finished-at="2025-12-16T15:20:24 IST" duration-ms="1159" status="PASS">
          <reporter-output>
          </reporter-output>
        </test-method> <!-- tearDown -->
        <test-method is-config="true" signature="setUp()[pri:0, instance:tests.ProductsAndCartTests@1e6a3214]" started-at="2025-12-16T15:20:24 IST" name="setUp" finished-at="2025-12-16T15:20:29 IST" duration-ms="4818" status="PASS">
          <reporter-output>
          </reporter-output>
        </test-method> <!-- setUp -->
        <test-method signature="testAddProductAndLogout()[pri:0, instance:tests.ProductsAndCartTests@1e6a3214]" started-at="2025-12-16T15:20:29 IST" name="testAddProductAndLogout" finished-at="2025-12-16T15:20:34 IST" duration-ms="5705" status="PASS">
          <reporter-output>
          </reporter-output>
        </test-method> <!-- testAddProductAndLogout -->
        <test-method is-config="true" signature="tearDown()[pri:0, instance:tests.ProductsAndCartTests@1e6a3214]" started-at="2025-12-16T15:20:34 IST" name="tearDown" finished-at="2025-12-16T15:20:35 IST" duration-ms="1079" status="PASS">
          <reporter-output>
          </reporter-output>
        </test-method> <!-- tearDown -->
        <test-method is-config="true" signature="setUp()[pri:0, instance:tests.ProductsAndCartTests@1e6a3214]" started-at="2025-12-16T15:20:35 IST" name="setUp" finished-at="2025-12-16T15:20:40 IST" duration-ms="4950" status="PASS">
          <reporter-output>
          </reporter-output>
        </test-method> <!-- setUp -->
        <test-method signature="testAddTwoProductsAndVerifyCart()[pri:0, instance:tests.ProductsAndCartTests@1e6a3214]" started-at="2025-12-16T15:20:40 IST" name="testAddTwoProductsAndVerifyCart" finished-at="2025-12-16T15:20:42 IST" duration-ms="1623" status="PASS">
          <reporter-output>
          </reporter-output>
        </test-method> <!-- testAddTwoProductsAndVerifyCart -->
        <test-method is-config="true" signature="tearDown()[pri:0, instance:tests.ProductsAndCartTests@1e6a3214]" started-at="2025-12-16T15:20:42 IST" name="tearDown" finished-at="2025-12-16T15:20:43 IST" duration-ms="1077" status="PASS">
          <reporter-output>
          </reporter-output>
        </test-method> <!-- tearDown -->
      </class> <!-- tests.ProductsAndCartTests -->
    </test> <!-- Authentication_and_Product_Flow_Tests -->
  </suite> <!-- SauceDemo_Functional_Suite -->
</testng-results>
