<?xml version="1.0" encoding="UTF-8"?>
<!-- Generated by org.testng.reporters.JUnitReportReporter -->
<testsuite hostname="N16946" failures="0" tests="3" name="tests.ProductsAndCartTests" time="41.679" errors="0" timestamp="2025-12-16T15:20:43 IST" skipped="0">
  <testcase classname="tests.ProductsAndCartTests" name="testAddProductAndLogout" time="11.734"/>
  <testcase classname="tests.ProductsAndCartTests" name="testAddAndRemoveSingleProduct" time="22.345"/>
  <testcase classname="tests.ProductsAndCartTests" name="testAddTwoProductsAndVerifyCart" time="7.600"/>
</testsuite> <!-- tests.ProductsAndCartTests -->
